   Compiling windows-link v0.2.1
   Compiling swift_run v0.8.0-beta (C:\Users\HamidR\Documents\swift_run)
   Compiling windows-result v0.4.1
   Compiling windows-strings v0.5.1
   Compiling windows-threading v0.2.1
   Compiling windows-core v0.62.2
   Compiling windows-future v0.3.2
   Compiling windows-collections v0.3.2
   Compiling windows-numerics v0.3.1
   Compiling windows v0.62.2
warning: unused import: `windows_numerics::Vector2 as D2D_POINT_2F`
 --> src\ui\dialog.rs:9:5
  |
9 | use windows_numerics::Vector2 as D2D_POINT_2F;
  |     ^^^^^^^^^^^^^^^^^^^^^^^^^^^^^^^^^^^^^^^^^
  |
  = note: `#[warn(unused_imports)]` (part of `#[warn(unused)]`) on by default

warning: unused import: `windows_numerics::Vector2 as D2D_POINT_2F`
  --> src\ui\dropdown.rs:11:5
   |
11 | use windows_numerics::Vector2 as D2D_POINT_2F;
   |     ^^^^^^^^^^^^^^^^^^^^^^^^^^^^^^^^^^^^^^^^^

warning: unused import: `std::ffi::c_void`
 --> src\ui\main_win.rs:5:5
  |
5 | use std::ffi::c_void;
  |     ^^^^^^^^^^^^^^^^

warning: unused import: `windows::Win32::Graphics::Dxgi::*`
  --> src\ui\main_win.rs:10:5
   |
10 | use windows::Win32::Graphics::Dxgi::*;
   |     ^^^^^^^^^^^^^^^^^^^^^^^^^^^^^^^^^

error[E0308]: mismatched types
    --> src\ui\dialog.rs:416:37
     |
 416 |         let _ = SetForegroundWindow(Some(_hwnd));
     |                 ------------------- ^^^^^^^^^^^ expected `HWND`, found `Option<HWND>`
     |                 |
     |                 arguments to this function are incorrect
     |
     = note: expected struct `Win32::Foundation::HWND`
                  found enum `Option<Win32::Foundation::HWND>`
note: function defined here
    --> C:\Users\HamidR\.cargo\registry\src\index.crates.io-1949cf8c6b5b557f\windows-0.62.2\src\Windows\Win32\UI\WindowsAndMessaging\mod.rs:2142:15
     |
2142 | pub unsafe fn SetForegroundWindow(hwnd: super::super::Foundation::HWND) -> windows_core::BOOL {
     |               ^^^^^^^^^^^^^^^^^^^

error[E0308]: mismatched types
    --> src\ui\main_win.rs:95:24
     |
  95 |             ShowWindow(Some(hwnd), SW_HIDE);
     |             ---------- ^^^^^^^^^^ expected `HWND`, found `Option<HWND>`
     |             |
     |             arguments to this function are incorrect
     |
     = note: expected struct `Win32::Foundation::HWND`
                  found enum `Option<Win32::Foundation::HWND>`
note: function defined here
    --> C:\Users\HamidR\.cargo\registry\src\index.crates.io-1949cf8c6b5b557f\windows-0.62.2\src\Windows\Win32\UI\WindowsAndMessaging\mod.rs:2342:15
     |
2342 | pub unsafe fn ShowWindow(hwnd: super::super::Foundation::HWND, ncmdshow: SHOW_WINDOW_CMD) -> windows_core::BOOL {
     |               ^^^^^^^^^^

error[E0308]: mismatched types
    --> src\ui\main_win.rs:102:28
     |
 102 |         let _ = ShowWindow(Some(H_DROPDOWN), SW_HIDE);
     |                 ---------- ^^^^^^^^^^^^^^^^ expected `HWND`, found `Option<HWND>`
     |                 |
     |                 arguments to this function are incorrect
     |
     = note: expected struct `Win32::Foundation::HWND`
                  found enum `Option<Win32::Foundation::HWND>`
note: function defined here
    --> C:\Users\HamidR\.cargo\registry\src\index.crates.io-1949cf8c6b5b557f\windows-0.62.2\src\Windows\Win32\UI\WindowsAndMessaging\mod.rs:2342:15
     |
2342 | pub unsafe fn ShowWindow(hwnd: super::super::Foundation::HWND, ncmdshow: SHOW_WINDOW_CMD) -> windows_core::BOOL {
     |               ^^^^^^^^^^

error[E0308]: mismatched types
    --> src\ui\main_win.rs:125:32
     |
 125 |             let _ = ShowWindow(Some(hwnd), SW_SHOW);
     |                     ---------- ^^^^^^^^^^ expected `HWND`, found `Option<HWND>`
     |                     |
     |                     arguments to this function are incorrect
     |
     = note: expected struct `Win32::Foundation::HWND`
                  found enum `Option<Win32::Foundation::HWND>`
note: function defined here
    --> C:\Users\HamidR\.cargo\registry\src\index.crates.io-1949cf8c6b5b557f\windows-0.62.2\src\Windows\Win32\UI\WindowsAndMessaging\mod.rs:2342:15
     |
2342 | pub unsafe fn ShowWindow(hwnd: super::super::Foundation::HWND, ncmdshow: SHOW_WINDOW_CMD) -> windows_core::BOOL {
     |               ^^^^^^^^^^

error[E0308]: mismatched types
    --> src\ui\main_win.rs:146:40
     |
 146 |                     let _ = ShowWindow(Some(H_DROPDOWN), SW_HIDE);
     |                             ---------- ^^^^^^^^^^^^^^^^ expected `HWND`, found `Option<HWND>`
     |                             |
     |                             arguments to this function are incorrect
     |
     = note: expected struct `Win32::Foundation::HWND`
                  found enum `Option<Win32::Foundation::HWND>`
note: function defined here
    --> C:\Users\HamidR\.cargo\registry\src\index.crates.io-1949cf8c6b5b557f\windows-0.62.2\src\Windows\Win32\UI\WindowsAndMessaging\mod.rs:2342:15
     |
2342 | pub unsafe fn ShowWindow(hwnd: super::super::Foundation::HWND, ncmdshow: SHOW_WINDOW_CMD) -> windows_core::BOOL {
     |               ^^^^^^^^^^

error[E0308]: mismatched types
    --> src\ui\main_win.rs:173:40
     |
 173 |                     let _ = ShowWindow(Some(H_DROPDOWN), SW_HIDE);
     |                             ---------- ^^^^^^^^^^^^^^^^ expected `HWND`, found `Option<HWND>`
     |                             |
     |                             arguments to this function are incorrect
     |
     = note: expected struct `Win32::Foundation::HWND`
                  found enum `Option<Win32::Foundation::HWND>`
note: function defined here
    --> C:\Users\HamidR\.cargo\registry\src\index.crates.io-1949cf8c6b5b557f\windows-0.62.2\src\Windows\Win32\UI\WindowsAndMessaging\mod.rs:2342:15
     |
2342 | pub unsafe fn ShowWindow(hwnd: super::super::Foundation::HWND, ncmdshow: SHOW_WINDOW_CMD) -> windows_core::BOOL {
     |               ^^^^^^^^^^

error[E0308]: mismatched types
    --> src\ui\main_win.rs:285:56
     |
 285 | ...                   let _ = ShowWindow(Some(hwnd), SW_HIDE);
     |                               ---------- ^^^^^^^^^^ expected `HWND`, found `Option<HWND>`
     |                               |
     |                               arguments to this function are incorrect
     |
     = note: expected struct `Win32::Foundation::HWND`
                  found enum `Option<Win32::Foundation::HWND>`
note: function defined here
    --> C:\Users\HamidR\.cargo\registry\src\index.crates.io-1949cf8c6b5b557f\windows-0.62.2\src\Windows\Win32\UI\WindowsAndMessaging\mod.rs:2342:15
     |
2342 | pub unsafe fn ShowWindow(hwnd: super::super::Foundation::HWND, ncmdshow: SHOW_WINDOW_CMD) -> windows_core::BOOL {
     |               ^^^^^^^^^^

error[E0308]: mismatched types
    --> src\ui\main_win.rs:298:44
     |
 298 |                         let _ = ShowWindow(Some(H_DROPDOWN), SW_HIDE);
     |                                 ---------- ^^^^^^^^^^^^^^^^ expected `HWND`, found `Option<HWND>`
     |                                 |
     |                                 arguments to this function are incorrect
     |
     = note: expected struct `Win32::Foundation::HWND`
                  found enum `Option<Win32::Foundation::HWND>`
note: function defined here
    --> C:\Users\HamidR\.cargo\registry\src\index.crates.io-1949cf8c6b5b557f\windows-0.62.2\src\Windows\Win32\UI\WindowsAndMessaging\mod.rs:2342:15
     |
2342 | pub unsafe fn ShowWindow(hwnd: super::super::Foundation::HWND, ncmdshow: SHOW_WINDOW_CMD) -> windows_core::BOOL {
     |               ^^^^^^^^^^

error[E0308]: mismatched types
    --> src\ui\main_win.rs:320:31
     |
 320 |                     KillTimer(hwnd, 3);
     |                     --------- ^^^^ expected `Option<HWND>`, found `HWND`
     |                     |
     |                     arguments to this function are incorrect
     |
     = note: expected enum `Option<Win32::Foundation::HWND>`
              found struct `Win32::Foundation::HWND`
note: function defined here
    --> C:\Users\HamidR\.cargo\registry\src\index.crates.io-1949cf8c6b5b557f\windows-0.62.2\src\Windows\Win32\UI\WindowsAndMessaging\mod.rs:1365:15
     |
1365 | pub unsafe fn KillTimer(hwnd: Option<super::super::Foundation::HWND>, uidevent: usize) -> windows_core::Result<()> {
     |               ^^^^^^^^^
help: try wrapping the expression in `Some`
     |
 320 |                     KillTimer(Some(hwnd), 3);
     |                               +++++    +

error[E0308]: mismatched types
    --> src\ui\main_win.rs:399:44
     |
 399 |                         let _ = ShowWindow(Some(H_DROPDOWN), SW_HIDE);
     |                                 ---------- ^^^^^^^^^^^^^^^^ expected `HWND`, found `Option<HWND>`
     |                                 |
     |                                 arguments to this function are incorrect
     |
     = note: expected struct `Win32::Foundation::HWND`
                  found enum `Option<Win32::Foundation::HWND>`
note: function defined here
    --> C:\Users\HamidR\.cargo\registry\src\index.crates.io-1949cf8c6b5b557f\windows-0.62.2\src\Windows\Win32\UI\WindowsAndMessaging\mod.rs:2342:15
     |
2342 | pub unsafe fn ShowWindow(hwnd: super::super::Foundation::HWND, ncmdshow: SHOW_WINDOW_CMD) -> windows_core::BOOL {
     |               ^^^^^^^^^^

error[E0308]: mismatched types
    --> src\ui\main_win.rs:401:40
     |
 401 |                     let _ = ShowWindow(Some(hwnd), SW_MINIMIZE);
     |                             ---------- ^^^^^^^^^^ expected `HWND`, found `Option<HWND>`
     |                             |
     |                             arguments to this function are incorrect
     |
     = note: expected struct `Win32::Foundation::HWND`
                  found enum `Option<Win32::Foundation::HWND>`
note: function defined here
    --> C:\Users\HamidR\.cargo\registry\src\index.crates.io-1949cf8c6b5b557f\windows-0.62.2\src\Windows\Win32\UI\WindowsAndMessaging\mod.rs:2342:15
     |
2342 | pub unsafe fn ShowWindow(hwnd: super::super::Foundation::HWND, ncmdshow: SHOW_WINDOW_CMD) -> windows_core::BOOL {
     |               ^^^^^^^^^^

error[E0308]: mismatched types
   --> src\ui\main_win.rs:406:40
    |
406 |                     let _ = SetCapture(Some(hwnd));
    |                             ---------- ^^^^^^^^^^ expected `HWND`, found `Option<HWND>`
    |                             |
    |                             arguments to this function are incorrect
    |
    = note: expected struct `Win32::Foundation::HWND`
                 found enum `Option<Win32::Foundation::HWND>`
note: function defined here
   --> C:\Users\HamidR\.cargo\registry\src\index.crates.io-1949cf8c6b5b557f\windows-0.62.2\src\Windows\Win32\UI\Input\KeyboardAndMouse\mod.rs:177:15
    |
177 | pub unsafe fn SetCapture(hwnd: super::super::super::Foundation::HWND) -> super::super::super::Foundation::HWND {
    |               ^^^^^^^^^^

error[E0308]: mismatched types
    --> src\ui\main_win.rs:419:44
     |
 419 |                         let _ = ShowWindow(Some(H_DROPDOWN), SW_HIDE);
     |                                 ---------- ^^^^^^^^^^^^^^^^ expected `HWND`, found `Option<HWND>`
     |                                 |
     |                                 arguments to this function are incorrect
     |
     = note: expected struct `Win32::Foundation::HWND`
                  found enum `Option<Win32::Foundation::HWND>`
note: function defined here
    --> C:\Users\HamidR\.cargo\registry\src\index.crates.io-1949cf8c6b5b557f\windows-0.62.2\src\Windows\Win32\UI\WindowsAndMessaging\mod.rs:2342:15
     |
2342 | pub unsafe fn ShowWindow(hwnd: super::super::Foundation::HWND, ncmdshow: SHOW_WINDOW_CMD) -> windows_core::BOOL {
     |               ^^^^^^^^^^

error[E0308]: mismatched types
    --> src\ui\main_win.rs:454:37
     |
 452 | ...                   SetWindowPos(
     |                       ------------ arguments to this function are incorrect
 453 | ...                       H_DROPDOWN,
 454 | ...                       HWND_TOPMOST,
     |                           ^^^^^^^^^^^^ expected `Option<HWND>`, found `HWND`
     |
     = note: expected enum `Option<Win32::Foundation::HWND>`
              found struct `Win32::Foundation::HWND`
note: function defined here
    --> C:\Users\HamidR\.cargo\registry\src\index.crates.io-1949cf8c6b5b557f\windows-0.62.2\src\Windows\Win32\UI\WindowsAndMessaging\mod.rs:2279:15
     |
2279 | pub unsafe fn SetWindowPos(hwnd: super::super::Foundation::HWND, hwndinsertafter: Option<super::super::Foundation::HWND>, x: i32, y: i32,...
     |               ^^^^^^^^^^^^
help: try wrapping the expression in `Some`
     |
 454 |                                     Some(HWND_TOPMOST),
     |                                     +++++            +

error[E0308]: mismatched types
    --> src\ui\main_win.rs:517:40
     |
 517 |                     let _ = ShowWindow(Some(hwnd), SW_SHOW);
     |                             ---------- ^^^^^^^^^^ expected `HWND`, found `Option<HWND>`
     |                             |
     |                             arguments to this function are incorrect
     |
     = note: expected struct `Win32::Foundation::HWND`
                  found enum `Option<Win32::Foundation::HWND>`
note: function defined here
    --> C:\Users\HamidR\.cargo\registry\src\index.crates.io-1949cf8c6b5b557f\windows-0.62.2\src\Windows\Win32\UI\WindowsAndMessaging\mod.rs:2342:15
     |
2342 | pub unsafe fn ShowWindow(hwnd: super::super::Foundation::HWND, ncmdshow: SHOW_WINDOW_CMD) -> windows_core::BOOL {
     |               ^^^^^^^^^^

error[E0308]: mismatched types
    --> src\ui\main_win.rs:518:41
     |
 518 |                     SetForegroundWindow(Some(hwnd));
     |                     ------------------- ^^^^^^^^^^ expected `HWND`, found `Option<HWND>`
     |                     |
     |                     arguments to this function are incorrect
     |
     = note: expected struct `Win32::Foundation::HWND`
                  found enum `Option<Win32::Foundation::HWND>`
note: function defined here
    --> C:\Users\HamidR\.cargo\registry\src\index.crates.io-1949cf8c6b5b557f\windows-0.62.2\src\Windows\Win32\UI\WindowsAndMessaging\mod.rs:2142:15
     |
2142 | pub unsafe fn SetForegroundWindow(hwnd: super::super::Foundation::HWND) -> windows_core::BOOL {
     |               ^^^^^^^^^^^^^^^^^^^

error[E0308]: arguments to this function are incorrect
    --> src\ui\main_win.rs:1136:35
     |
1136 |                     let lresult = SendMessageW(H_EDIT, EM_GETSEL, WPARAM(0), LPARAM(0));
     |                                   ^^^^^^^^^^^^
     |
note: expected `Option<WPARAM>`, found `WPARAM`
    --> src\ui\main_win.rs:1136:67
     |
1136 |                     let lresult = SendMessageW(H_EDIT, EM_GETSEL, WPARAM(0), LPARAM(0));
     |                                                                   ^^^^^^^^^
     = note: expected enum `Option<Win32::Foundation::WPARAM>`
              found struct `Win32::Foundation::WPARAM`
note: expected `Option<LPARAM>`, found `LPARAM`
    --> src\ui\main_win.rs:1136:78
     |
1136 |                     let lresult = SendMessageW(H_EDIT, EM_GETSEL, WPARAM(0), LPARAM(0));
     |                                                                              ^^^^^^^^^
     = note: expected enum `Option<Win32::Foundation::LPARAM>`
              found struct `Win32::Foundation::LPARAM`
note: function defined here
    --> C:\Users\HamidR\.cargo\registry\src\index.crates.io-1949cf8c6b5b557f\windows-0.62.2\src\Windows\Win32\UI\WindowsAndMessaging\mod.rs:2044:15
     |
2044 | pub unsafe fn SendMessageW(hwnd: super::super::Foundation::HWND, msg: u32, wparam: Option<super::super::Foundation::WPARAM>, lparam: Opti...
     |               ^^^^^^^^^^^^
help: try wrapping the expression in `Some`
     |
1136 |                     let lresult = SendMessageW(H_EDIT, EM_GETSEL, Some(WPARAM(0)), LPARAM(0));
     |                                                                   +++++         +
help: try wrapping the expression in `Some`
     |
1136 |                     let lresult = SendMessageW(H_EDIT, EM_GETSEL, WPARAM(0), Some(LPARAM(0)));
     |                                                                              +++++         +

error[E0308]: arguments to this function are incorrect
    --> src\ui\main_win.rs:1185:25
     |
1185 |                         SendMessageW(
     |                         ^^^^^^^^^^^^
     |
note: expected `Option<WPARAM>`, found `WPARAM`
    --> src\ui\main_win.rs:1188:29
     |
1188 | ...                   WPARAM(&mut start as *mut _ as usize),
     |                       ^^^^^^^^^^^^^^^^^^^^^^^^^^^^^^^^^^^^^
     = note: expected enum `Option<Win32::Foundation::WPARAM>`
              found struct `Win32::Foundation::WPARAM`
note: expected `Option<LPARAM>`, found `LPARAM`
    --> src\ui\main_win.rs:1189:29
     |
1189 | ...                   LPARAM(&mut end as *mut _ as isize),
     |                       ^^^^^^^^^^^^^^^^^^^^^^^^^^^^^^^^^^^
     = note: expected enum `Option<Win32::Foundation::LPARAM>`
              found struct `Win32::Foundation::LPARAM`
note: function defined here
    --> C:\Users\HamidR\.cargo\registry\src\index.crates.io-1949cf8c6b5b557f\windows-0.62.2\src\Windows\Win32\UI\WindowsAndMessaging\mod.rs:2044:15
     |
2044 | pub unsafe fn SendMessageW(hwnd: super::super::Foundation::HWND, msg: u32, wparam: Option<super::super::Foundation::WPARAM>, lparam: Opti...
     |               ^^^^^^^^^^^^
help: try wrapping the expression in `Some`
     |
1188 |                             Some(WPARAM(&mut start as *mut _ as usize)),
     |                             +++++                                     +
help: try wrapping the expression in `Some`
     |
1189 |                             Some(LPARAM(&mut end as *mut _ as isize)),
     |                             +++++                                   +

error[E0308]: mismatched types
  --> src\ui\tooltip.rs:87:20
   |
87 |     if H_EDIT.0 != 0 {
   |        --------    ^ expected `*mut c_void`, found `usize`
   |        |
   |        expected because this is `*mut c_void`
   |
   = note: expected raw pointer `*mut c_void`
                     found type `usize`
help: if you meant to create a null pointer, use `std::ptr::null_mut()`
   |
87 -     if H_EDIT.0 != 0 {
87 +     if H_EDIT.0 != std::ptr::null_mut() {
   |

error[E0308]: mismatched types
  --> src\main.rs:34:16
   |
34 |         if let Err(e) = CoInitializeEx(None, COINIT_APARTMENTTHREADED) {
   |                ^^^^^^   ---------------------------------------------- this expression has type `windows_result::hresult::HRESULT`
   |                |
   |                expected `HRESULT`, found `Result<_, _>`
   |
   = note: expected struct `windows_result::hresult::HRESULT`
                found enum `std::result::Result<_, _>`

error[E0308]: arguments to this function are incorrect
   --> src\main.rs:244:21
    |
244 |         let hfont = CreateFontW(
    |                     ^^^^^^^^^^^
...
253 |             0,
    |             - expected `FONT_CHARSET`, found integer
254 |             0,
    |             - expected `FONT_OUTPUT_PRECISION`, found integer
255 |             0,
    |             - expected `FONT_CLIP_PRECISION`, found integer
256 |             0,
    |             - expected `FONT_QUALITY`, found integer
    |
note: function defined here
   --> C:\Users\HamidR\.cargo\registry\src\index.crates.io-1949cf8c6b5b557f\windows-0.62.2\src\Windows\Win32\Graphics\Gdi\mod.rs:319:15
    |
319 | pub unsafe fn CreateFontW<P13>(cheight: i32, cwidth: i32, cescapement: i32, corientation: i32, cweight: i32, bitalic: u32, bunderline: u3...
    |               ^^^^^^^^^^^
help: try wrapping the expression in `windows::Win32::Graphics::Gdi::FONT_CHARSET`
    |
253 |             windows::Win32::Graphics::Gdi::FONT_CHARSET(0),
    |             ++++++++++++++++++++++++++++++++++++++++++++ +
help: try wrapping the expression in `windows::Win32::Graphics::Gdi::FONT_OUTPUT_PRECISION`
    |
254 |             windows::Win32::Graphics::Gdi::FONT_OUTPUT_PRECISION(0),
    |             +++++++++++++++++++++++++++++++++++++++++++++++++++++ +
help: try wrapping the expression in `windows::Win32::Graphics::Gdi::FONT_CLIP_PRECISION`
    |
255 |             windows::Win32::Graphics::Gdi::FONT_CLIP_PRECISION(0),
    |             +++++++++++++++++++++++++++++++++++++++++++++++++++ +
help: try wrapping the expression in `windows::Win32::Graphics::Gdi::FONT_QUALITY`
    |
256 |             windows::Win32::Graphics::Gdi::FONT_QUALITY(0),
    |             ++++++++++++++++++++++++++++++++++++++++++++ +

For more information about this error, try `rustc --explain E0308`.
warning: `swift_run` (bin "swift_run") generated 4 warnings
error: could not compile `swift_run` (bin "swift_run") due to 21 previous errors; 4 warnings emitted
